<?xml version="1.0" encoding="UTF-8"?>
<!-- Generated by org.testng.reporters.JUnitXMLReporter -->
<testsuite ignored="0" hostname="Sonalis-MacBook.local" failures="0" tests="4" name="Default test" time="25.199" errors="0" timestamp="30 Mar 2018 20:19:33 GMT">
  <testcase classname="com.qa.test.HomePageTest" name="validateHomePageTitleTest" time="0.017"/>
  <testcase classname="com.qa.test.HomePageTest" name="marqueeTextCheckTest" time="0.052"/>
  <testcase classname="com.qa.test.HomePageTest" name="threeImageDisplayCheckTest" time="0.322"/>
  <testcase classname="com.qa.test.HomePageTest" name="verifyManagerClickTest" time="1.125"/>
</testsuite> <!-- Default test -->
