<?xml version="1.0" encoding="UTF-8"?>
<!-- Generated by org.testng.reporters.JUnitXMLReporter -->
<testsuite ignored="0" hostname="Sonalis-MacBook.local" failures="0" tests="4" name="Default test" time="15.265" errors="0" timestamp="30 Mar 2018 16:49:40 GMT">
  <testcase classname="com.qa.test.LoginPageTest" name="titleOfThePageTest" time="0.062"/>
  <testcase classname="com.qa.test.LoginPageTest" name="validateBankNameOnThePageTest" time="0.049"/>
  <testcase classname="com.qa.test.LoginPageTest" name="validateLoginImageTest" time="0.04"/>
  <testcase classname="com.qa.test.LoginPageTest" name="loginClickTest" time="0.636"/>
</testsuite> <!-- Default test -->
