<?xml version="1.0" encoding="UTF-8"?>
<testng-results ignored="0" total="4" passed="4" failed="0" skipped="0">
  <reporter-output>
  </reporter-output>
  <suite started-at="2018-03-30T20:19:08Z" name="Default suite" finished-at="2018-03-30T20:19:33Z" duration-ms="25199">
    <groups>
    </groups>
    <test started-at="2018-03-30T20:19:08Z" name="Default test" finished-at="2018-03-30T20:19:33Z" duration-ms="25199">
      <class name="com.qa.test.HomePageTest">
        <test-method is-config="true" signature="setUp()[pri:0, instance:com.qa.test.HomePageTest@37f1104d]" started-at="2018-03-30T20:19:08Z" name="setUp" finished-at="2018-03-30T20:19:14Z" duration-ms="6366" status="PASS">
          <reporter-output>
          </reporter-output>
        </test-method> <!-- setUp -->
        <test-method signature="validateHomePageTitleTest()[pri:1, instance:com.qa.test.HomePageTest@37f1104d]" started-at="2018-03-30T20:19:14Z" name="validateHomePageTitleTest" finished-at="2018-03-30T20:19:14Z" duration-ms="17" status="PASS">
          <reporter-output>
          </reporter-output>
        </test-method> <!-- validateHomePageTitleTest -->
        <test-method is-config="true" signature="tearDown()[pri:0, instance:com.qa.test.HomePageTest@37f1104d]" started-at="2018-03-30T20:19:14Z" name="tearDown" finished-at="2018-03-30T20:19:14Z" duration-ms="91" status="PASS">
          <reporter-output>
          </reporter-output>
        </test-method> <!-- tearDown -->
        <test-method is-config="true" signature="setUp()[pri:0, instance:com.qa.test.HomePageTest@37f1104d]" started-at="2018-03-30T20:19:14Z" name="setUp" finished-at="2018-03-30T20:19:19Z" duration-ms="5307" status="PASS">
          <reporter-output>
          </reporter-output>
        </test-method> <!-- setUp -->
        <test-method signature="marqueeTextCheckTest()[pri:2, instance:com.qa.test.HomePageTest@37f1104d]" started-at="2018-03-30T20:19:19Z" name="marqueeTextCheckTest" finished-at="2018-03-30T20:19:19Z" duration-ms="52" status="PASS">
          <reporter-output>
          </reporter-output>
        </test-method> <!-- marqueeTextCheckTest -->
        <test-method is-config="true" signature="tearDown()[pri:0, instance:com.qa.test.HomePageTest@37f1104d]" started-at="2018-03-30T20:19:19Z" name="tearDown" finished-at="2018-03-30T20:19:20Z" duration-ms="84" status="PASS">
          <reporter-output>
          </reporter-output>
        </test-method> <!-- tearDown -->
        <test-method is-config="true" signature="setUp()[pri:0, instance:com.qa.test.HomePageTest@37f1104d]" started-at="2018-03-30T20:19:20Z" name="setUp" finished-at="2018-03-30T20:19:25Z" duration-ms="5742" status="PASS">
          <reporter-output>
          </reporter-output>
        </test-method> <!-- setUp -->
        <test-method signature="threeImageDisplayCheckTest()[pri:3, instance:com.qa.test.HomePageTest@37f1104d]" started-at="2018-03-30T20:19:25Z" name="threeImageDisplayCheckTest" finished-at="2018-03-30T20:19:26Z" duration-ms="322" status="PASS">
          <reporter-output>
          </reporter-output>
        </test-method> <!-- threeImageDisplayCheckTest -->
        <test-method is-config="true" signature="tearDown()[pri:0, instance:com.qa.test.HomePageTest@37f1104d]" started-at="2018-03-30T20:19:26Z" name="tearDown" finished-at="2018-03-30T20:19:26Z" duration-ms="95" status="PASS">
          <reporter-output>
          </reporter-output>
        </test-method> <!-- tearDown -->
        <test-method is-config="true" signature="setUp()[pri:0, instance:com.qa.test.HomePageTest@37f1104d]" started-at="2018-03-30T20:19:26Z" name="setUp" finished-at="2018-03-30T20:19:32Z" duration-ms="5863" status="PASS">
          <reporter-output>
          </reporter-output>
        </test-method> <!-- setUp -->
        <test-method signature="verifyManagerClickTest()[pri:3, instance:com.qa.test.HomePageTest@37f1104d]" started-at="2018-03-30T20:19:32Z" name="verifyManagerClickTest" finished-at="2018-03-30T20:19:33Z" duration-ms="1125" status="PASS">
          <reporter-output>
          </reporter-output>
        </test-method> <!-- verifyManagerClickTest -->
        <test-method is-config="true" signature="tearDown()[pri:0, instance:com.qa.test.HomePageTest@37f1104d]" started-at="2018-03-30T20:19:33Z" name="tearDown" finished-at="2018-03-30T20:19:33Z" duration-ms="92" status="PASS">
          <reporter-output>
          </reporter-output>
        </test-method> <!-- tearDown -->
      </class> <!-- com.qa.test.HomePageTest -->
    </test> <!-- Default test -->
  </suite> <!-- Default suite -->
</testng-results>
