<?xml version="1.0" encoding="UTF-8"?>
<testng-results ignored="0" total="4" passed="4" failed="0" skipped="0">
  <reporter-output>
  </reporter-output>
  <suite started-at="2018-03-30T16:49:24Z" name="Default suite" finished-at="2018-03-30T16:49:39Z" duration-ms="15265">
    <groups>
    </groups>
    <test started-at="2018-03-30T16:49:24Z" name="Default test" finished-at="2018-03-30T16:49:39Z" duration-ms="15265">
      <class name="com.qa.test.LoginPageTest">
        <test-method is-config="true" signature="setUp()[pri:0, instance:com.qa.test.LoginPageTest@37f1104d]" started-at="2018-03-30T16:49:24Z" name="setUp" finished-at="2018-03-30T16:49:30Z" duration-ms="5729" status="PASS">
          <reporter-output>
          </reporter-output>
        </test-method> <!-- setUp -->
        <test-method signature="titleOfThePageTest()[pri:1, instance:com.qa.test.LoginPageTest@37f1104d]" started-at="2018-03-30T16:49:30Z" name="titleOfThePageTest" finished-at="2018-03-30T16:49:30Z" duration-ms="62" status="PASS">
          <reporter-output>
          </reporter-output>
        </test-method> <!-- titleOfThePageTest -->
        <test-method is-config="true" signature="tearDown()[pri:0, instance:com.qa.test.LoginPageTest@37f1104d]" started-at="2018-03-30T16:49:30Z" name="tearDown" finished-at="2018-03-30T16:49:30Z" duration-ms="145" status="PASS">
          <reporter-output>
          </reporter-output>
        </test-method> <!-- tearDown -->
        <test-method is-config="true" signature="setUp()[pri:0, instance:com.qa.test.LoginPageTest@37f1104d]" started-at="2018-03-30T16:49:30Z" name="setUp" finished-at="2018-03-30T16:49:33Z" duration-ms="3012" status="PASS">
          <reporter-output>
          </reporter-output>
        </test-method> <!-- setUp -->
        <test-method signature="validateBankNameOnThePageTest()[pri:2, instance:com.qa.test.LoginPageTest@37f1104d]" started-at="2018-03-30T16:49:33Z" name="validateBankNameOnThePageTest" finished-at="2018-03-30T16:49:33Z" duration-ms="49" status="PASS">
          <reporter-output>
          </reporter-output>
        </test-method> <!-- validateBankNameOnThePageTest -->
        <test-method is-config="true" signature="tearDown()[pri:0, instance:com.qa.test.LoginPageTest@37f1104d]" started-at="2018-03-30T16:49:33Z" name="tearDown" finished-at="2018-03-30T16:49:33Z" duration-ms="95" status="PASS">
          <reporter-output>
          </reporter-output>
        </test-method> <!-- tearDown -->
        <test-method is-config="true" signature="setUp()[pri:0, instance:com.qa.test.LoginPageTest@37f1104d]" started-at="2018-03-30T16:49:33Z" name="setUp" finished-at="2018-03-30T16:49:36Z" duration-ms="2401" status="PASS">
          <reporter-output>
          </reporter-output>
        </test-method> <!-- setUp -->
        <test-method signature="validateLoginImageTest()[pri:3, instance:com.qa.test.LoginPageTest@37f1104d]" started-at="2018-03-30T16:49:36Z" name="validateLoginImageTest" finished-at="2018-03-30T16:49:36Z" duration-ms="40" status="PASS">
          <reporter-output>
          </reporter-output>
        </test-method> <!-- validateLoginImageTest -->
        <test-method is-config="true" signature="tearDown()[pri:0, instance:com.qa.test.LoginPageTest@37f1104d]" started-at="2018-03-30T16:49:36Z" name="tearDown" finished-at="2018-03-30T16:49:36Z" duration-ms="93" status="PASS">
          <reporter-output>
          </reporter-output>
        </test-method> <!-- tearDown -->
        <test-method is-config="true" signature="setUp()[pri:0, instance:com.qa.test.LoginPageTest@37f1104d]" started-at="2018-03-30T16:49:36Z" name="setUp" finished-at="2018-03-30T16:49:39Z" duration-ms="2826" status="PASS">
          <reporter-output>
          </reporter-output>
        </test-method> <!-- setUp -->
        <test-method signature="loginClickTest()[pri:4, instance:com.qa.test.LoginPageTest@37f1104d]" started-at="2018-03-30T16:49:39Z" name="loginClickTest" finished-at="2018-03-30T16:49:39Z" duration-ms="636" status="PASS">
          <reporter-output>
          </reporter-output>
        </test-method> <!-- loginClickTest -->
        <test-method is-config="true" signature="tearDown()[pri:0, instance:com.qa.test.LoginPageTest@37f1104d]" started-at="2018-03-30T16:49:39Z" name="tearDown" finished-at="2018-03-30T16:49:39Z" duration-ms="87" status="PASS">
          <reporter-output>
          </reporter-output>
        </test-method> <!-- tearDown -->
      </class> <!-- com.qa.test.LoginPageTest -->
    </test> <!-- Default test -->
  </suite> <!-- Default suite -->
</testng-results>
